Release 8.2i Map I.31
Xilinx Mapping Report File for Design 'dual_ram'

Design Information
------------------
Command Line   : C:\Xilinx\bin\nt\map.exe -ise
C:/Users/Administrator/Desktop/20150525/FPGA/dual_ram/dual_ram.ise -intstyle ise
-p xcv300-pq240-4 -cm area -pr b -k 4 -c 100 -tx off -o dual_ram_map.ncd
dual_ram.ngd dual_ram.pcf 
Target Device  : xcv300
Target Package : pq240
Target Speed   : -4
Mapper Version : virtex -- $Revision: 1.34.32.1 $
Mapped Date    : Sat Jun 06 21:07:10 2015

Design Summary
--------------
Number of errors:      0
Number of warnings:    2
Logic Utilization:
  Number of Slice Flip Flops:       688 out of  6,144   11%
  Number of 4 input LUTs:         1,276 out of  6,144   20%
Logic Distribution:
    Number of occupied Slices:                         735 out of  3,072   23%
    Number of Slices containing only related logic:    735 out of    735  100%
    Number of Slices containing unrelated logic:         0 out of    735    0%
        *See NOTES below for an explanation of the effects of unrelated logic
Total Number 4 input LUTs:        1,355 out of  6,144   22%
      Number used as logic:                     1,276
      Number used as a route-thru:                 79
   Number of bonded IOBs:            66 out of    166   39%
      IOB Flip Flops:                               5
   Number of Block RAMs:              4 out of     16   25%
   Number of GCLKs:                   1 out of      4   25%
   Number of GCLKIOBs:                1 out of      4   25%

Total equivalent gate count for design:  80,246
Additional JTAG gate count for IOBs:  3,216
Peak Memory Usage:  196 MB

NOTES:

   Related logic is defined as being logic that shares connectivity - e.g. two
   LUTs are "related" if they share common inputs.  When assembling slices,
   Map gives priority to combine logic that is related.  Doing so results in
   the best timing performance.

   Unrelated logic shares no connectivity.  Map will only begin packing
   unrelated logic into a slice once 99% of the slices are occupied through
   related logic packing.

   Note that once logic distribution reaches the 99% level through related
   logic packing, this does not mean the device is completely utilized.
   Unrelated logic packing will then begin, continuing until all usable LUTs
   and FFs are occupied.  Depending on your timing budget, increased levels of
   unrelated logic packing may adversely affect the overall timing performance
   of your design.

Table of Contents
-----------------
Section 1 - Errors
Section 2 - Warnings
Section 3 - Informational
Section 4 - Removed Logic Summary
Section 5 - Removed Logic
Section 6 - IOB Properties
Section 7 - RPMs
Section 8 - Guide Report
Section 9 - Area Group and Partition Summary
Section 10 - Modular Design Summary
Section 11 - Timing Report
Section 12 - Configuration String Information

Section 1 - Errors
------------------

Section 2 - Warnings
--------------------
WARNING:Pack:249 - The following adjacent carry multiplexers occupy different
   slice components.  The resulting carry chain will have suboptimal timing.
   	Mcompar__cmp_ge0002_cy<0>
   	Mcompar__cmp_ge0002_cy<1>
WARNING:Pack:249 - The following adjacent carry multiplexers occupy different
   slice components.  The resulting carry chain will have suboptimal timing.
   	Mcompar__cmp_ge0002_cy<1>
   	Mcompar__cmp_ge0002_cy<2>

Section 3 - Informational
-------------------------
INFO:MapLib:562 - No environment variables are currently set.
INFO:LIT:244 - All of the single ended outputs in this design are using slew
   rate limited output drivers. The delay on speed critical single ended outputs
   can be dramatically reduced by designating them as fast outputs in the
   schematic.

Section 4 - Removed Logic Summary
---------------------------------
   1 block(s) removed
   3 block(s) optimized away

Section 5 - Removed Logic
-------------------------
Unused block "mydualram/VCC" (ONE) removed.

Optimized Block(s):
TYPE 		BLOCK
GND 		XST_GND
VCC 		XST_VCC
GND 		mydualram/GND

To enable printing of redundant blocks removed and signals merged, set the
detailed map report option and rerun map.

Section 6 - IOB Properties
--------------------------

+------------------------------------------------------------------------------------------------------------------------+
| IOB Name                           | Type    | Direction | IO Standard | Drive    | Slew | Reg (s)  | Resistor | IOB   |
|                                    |         |           |             | Strength | Rate |          |          | Delay |
+------------------------------------------------------------------------------------------------------------------------+
| clk                                | GCLKIOB | INPUT     | LVTTL       |          |      |          |          |       |
| addr_a<0>                          | IOB     | INPUT     | LVTTL       |          |      |          |          |       |
| addr_a<1>                          | IOB     | INPUT     | LVTTL       |          |      |          |          |       |
| addr_a<2>                          | IOB     | INPUT     | LVTTL       |          |      |          |          |       |
| addr_a<3>                          | IOB     | INPUT     | LVTTL       |          |      |          |          |       |
| addr_a<4>                          | IOB     | INPUT     | LVTTL       |          |      |          |          |       |
| addr_a<5>                          | IOB     | INPUT     | LVTTL       |          |      |          |          |       |
| addr_a<6>                          | IOB     | INPUT     | LVTTL       |          |      |          |          |       |
| addr_a<7>                          | IOB     | INPUT     | LVTTL       |          |      |          |          |       |
| addr_a<8>                          | IOB     | INPUT     | LVTTL       |          |      |          |          |       |
| addr_a<9>                          | IOB     | INPUT     | LVTTL       |          |      |          |          |       |
| addr_b<0>                          | IOB     | INPUT     | LVTTL       |          |      |          |          |       |
| addr_b<1>                          | IOB     | INPUT     | LVTTL       |          |      |          |          |       |
| addr_b<2>                          | IOB     | INPUT     | LVTTL       |          |      |          |          |       |
| addr_b<3>                          | IOB     | INPUT     | LVTTL       |          |      |          |          |       |
| addr_b<4>                          | IOB     | INPUT     | LVTTL       |          |      |          |          |       |
| addr_b<5>                          | IOB     | INPUT     | LVTTL       |          |      |          |          |       |
| addr_b<6>                          | IOB     | INPUT     | LVTTL       |          |      |          |          |       |
| addr_b<7>                          | IOB     | INPUT     | LVTTL       |          |      |          |          |       |
| addr_b<8>                          | IOB     | INPUT     | LVTTL       |          |      |          |          |       |
| addr_b<9>                          | IOB     | INPUT     | LVTTL       |          |      |          |          |       |
| data_a<0>                          | IOB     | BIDIR     | LVTTL       | 12       | SLOW |          |          |       |
| data_a<1>                          | IOB     | BIDIR     | LVTTL       | 12       | SLOW |          |          |       |
| data_a<2>                          | IOB     | BIDIR     | LVTTL       | 12       | SLOW |          |          |       |
| data_a<3>                          | IOB     | BIDIR     | LVTTL       | 12       | SLOW |          |          |       |
| data_a<4>                          | IOB     | BIDIR     | LVTTL       | 12       | SLOW |          |          |       |
| data_a<5>                          | IOB     | BIDIR     | LVTTL       | 12       | SLOW |          |          |       |
| data_a<6>                          | IOB     | BIDIR     | LVTTL       | 12       | SLOW |          |          |       |
| data_a<7>                          | IOB     | BIDIR     | LVTTL       | 12       | SLOW |          |          |       |
| data_a<8>                          | IOB     | BIDIR     | LVTTL       | 12       | SLOW |          |          |       |
| data_a<9>                          | IOB     | BIDIR     | LVTTL       | 12       | SLOW |          |          |       |
| data_a<10>                         | IOB     | BIDIR     | LVTTL       | 12       | SLOW |          |          |       |
| data_a<11>                         | IOB     | BIDIR     | LVTTL       | 12       | SLOW |          |          |       |
| data_a<12>                         | IOB     | BIDIR     | LVTTL       | 12       | SLOW |          |          |       |
| data_a<13>                         | IOB     | BIDIR     | LVTTL       | 12       | SLOW |          |          |       |
| data_a<14>                         | IOB     | BIDIR     | LVTTL       | 12       | SLOW |          |          |       |
| data_a<15>                         | IOB     | BIDIR     | LVTTL       | 12       | SLOW |          |          |       |
| data_b<0>                          | IOB     | BIDIR     | LVTTL       | 12       | SLOW |          |          |       |
| data_b<1>                          | IOB     | BIDIR     | LVTTL       | 12       | SLOW |          |          |       |
| data_b<2>                          | IOB     | BIDIR     | LVTTL       | 12       | SLOW |          |          |       |
| data_b<3>                          | IOB     | BIDIR     | LVTTL       | 12       | SLOW |          |          |       |
| data_b<4>                          | IOB     | BIDIR     | LVTTL       | 12       | SLOW |          |          |       |
| data_b<5>                          | IOB     | BIDIR     | LVTTL       | 12       | SLOW |          |          |       |
| data_b<6>                          | IOB     | BIDIR     | LVTTL       | 12       | SLOW |          |          |       |
| data_b<7>                          | IOB     | BIDIR     | LVTTL       | 12       | SLOW |          |          |       |
| data_b<8>                          | IOB     | BIDIR     | LVTTL       | 12       | SLOW |          |          |       |
| data_b<9>                          | IOB     | BIDIR     | LVTTL       | 12       | SLOW |          |          |       |
| data_b<10>                         | IOB     | BIDIR     | LVTTL       | 12       | SLOW |          |          |       |
| data_b<11>                         | IOB     | BIDIR     | LVTTL       | 12       | SLOW |          |          |       |
| data_b<12>                         | IOB     | BIDIR     | LVTTL       | 12       | SLOW |          |          |       |
| data_b<13>                         | IOB     | BIDIR     | LVTTL       | 12       | SLOW |          |          |       |
| data_b<14>                         | IOB     | BIDIR     | LVTTL       | 12       | SLOW |          |          |       |
| data_b<15>                         | IOB     | BIDIR     | LVTTL       | 12       | SLOW |          |          |       |
| iRst_a                             | IOB     | OUTPUT    | LVTTL       | 12       | SLOW | OUTFF    |          |       |
| iRst_n                             | IOB     | INPUT     | LVTTL       |          |      |          |          |       |
| oled1                              | IOB     | OUTPUT    | LVTTL       | 12       | SLOW | OUTFF    |          |       |
| oled2                              | IOB     | OUTPUT    | LVTTL       | 12       | SLOW | OUTFF    |          |       |
| oled3                              | IOB     | OUTPUT    | LVTTL       | 12       | SLOW | OUTFF    |          |       |
| rd_a                               | IOB     | INPUT     | LVTTL       |          |      |          |          |       |
| rd_b                               | IOB     | INPUT     | LVTTL       |          |      |          |          |       |
| squarewave_a                       | IOB     | INPUT     | LVTTL       |          |      | INFF     |          | IFD   |
| state_a                            | IOB     | OUTPUT    | LVTTL       | 12       | SLOW |          |          |       |
| we_a                               | IOB     | INPUT     | LVTTL       |          |      |          |          |       |
| we_b                               | IOB     | INPUT     | LVTTL       |          |      |          |          |       |
| xint2_b                            | IOB     | OUTPUT    | LVTTL       | 12       | SLOW |          |          |       |
| xzcs6_a                            | IOB     | INPUT     | LVTTL       |          |      |          |          |       |
| xzcs6_b                            | IOB     | INPUT     | LVTTL       |          |      |          |          |       |
+------------------------------------------------------------------------------------------------------------------------+

Section 7 - RPMs
----------------

Section 8 - Guide Report
------------------------
Guide not run on this design.

Section 9 - Area Group and Partition Summary
--------------------------------------------

Partition Implementation Status
-------------------------------

  No Partitions were found in this design.

-------------------------------

Area Group Information
----------------------

  No area groups were found in this design.

----------------------

Section 10 - Modular Design Summary
-----------------------------------
Modular Design not used for this design.

Section 11 - Timing Report
--------------------------
No timing report for this architecture.

Section 12 - Configuration String Details
-----------------------------------------
Use the "-detail" map option to print out Configuration Strings
