iMPACT Version: 
iMPACT log file Started on Thu Apr 09 14:05:06 2015

// *** BATCH CMD : setPreference -pref AutoSignature:FALSE
// *** BATCH CMD : setPreference -pref KeepSVF:FALSE
// *** BATCH CMD : setPreference -pref ConcurrentMode:FALSE
// *** BATCH CMD : setPreference -pref UseHighz:FALSE
// *** BATCH CMD : setPreference -pref UserLevel:NOVICE
// *** BATCH CMD : setPreference -pref svfUseTime:FALSE
// *** BATCH CMD : loadProjectFile -file"C:/GP/code/fpga/FPGA/SquareWave/SquareWave/SquareWave.ipf"
'1': Loading file 'C:/GP/code/fpga/FPGA/SquareWave/SquareWave/squarewave.bit'...
INFO:iMPACT - Elapsed time =      0 sec.
done.
INFO:iMPACT:501 - '1': Added Device xcv300 successfully.
----------------------------------------------------------------------
----------------------------------------------------------------------
'1': Added Device xc18v04 successfully.
----------------------------------------------------------------------
Active mode is PFF
// *** BATCH CMD : setMode -bs
// *** BATCH CMD : setMode -ss
// *** BATCH CMD : setMode -sm
// *** BATCH CMD : setMode -hw140
// *** BATCH CMD : setMode -spi
// *** BATCH CMD : setMode -acecf
// *** BATCH CMD : setMode -acempm
// *** BATCH CMD : setMode -pff
// *** BATCH CMD : setMode -pff
------------------------  GUI: PFFView Wizard Data Report ------------------------
SubMode: PFF_SERIAL
MB Master Device: 
MB Mode: 
MB Chain: 
getMultiBootSelected(): FALSE
getSPISelected(): FALSE
------------------------  GUI: End PFFView Report  ------------------------
// *** BATCH CMD : setMode -pff
// *** BATCH CMD : setMode -pff
// *** BATCH CMD : setMode -pff
// *** BATCH CMD : setCurrentDesign -version 0
// *** BATCH CMD : setMode -pff
// *** BATCH CMD : setCurrentDeviceChain -index 0
// *** BATCH CMD : setCurrentDesign -version 0
// *** BATCH CMD : setCurrentDeviceChain -index 0
// *** BATCH CMD : setMode -bs
// *** BATCH CMD : setMode -bs
GUI --- Auto connect to cable...
// *** BATCH CMD : setCable -port auto
AutoDetecting cable. Please wait.
PROGRESS_START - Starting Operation.
Connecting to cable (Parallel Port - LPT1).
Checking cable driver.
 Driver windrvr6.sys version = 7.0.0.0. LPT base address = 0378h.
 ECP base address = FFFFFFFFh.
Cable connection failed.
Connecting to cable (Parallel Port - LPT2).
Checking cable driver.
 Driver windrvr6.sys version = 7.0.0.0.Cable connection failed.
Connecting to cable (Parallel Port - LPT3).
Checking cable driver.
 Driver windrvr6.sys version = 7.0.0.0.Cable connection failed.
Connecting to cable (Parallel Port - LPT4).
Checking cable driver.
 Driver windrvr6.sys version = 7.0.0.0.Cable connection failed.
Connecting to cable (Usb Port - USB21).
Checking cable driver.
 Driver xusbdfwu.sys version: 1021 (1021).
 Driver windrvr6.sys version = 7.0.0.0. Cable PID = 0008.
 Max current requested during enumeration is 280 mA.
 Cable Type = 3, Revision = 0.
 Setting cable speed to 6 MHz.
Cable connection established.
Firmware version = 1021.
CPLD file version = 0012h.
CPLD version = 0012h.
PROGRESS_END - End Operation.
Elapsed time =      5 sec.
Attempting to identify devices in the boundary-scan chain configuration...// *** BATCH CMD : Identify 
PROGRESS_START - Starting Operation.
Identifying chain contents ....'1': : Manufacturer's ID =Xilinx xc18v04, Version : 0
INFO:iMPACT:1777 - 
   Reading C:/Xilinx/xc18v00/data/xc18v04.bsd...
INFO:iMPACT:501 - '1': Added Device xc18v04 successfully.
----------------------------------------------------------------------
----------------------------------------------------------------------
'2': : Manufacturer's ID =Xilinx xcv300, Version : 8
INFO:iMPACT:1777 - 
   Reading C:/Xilinx/virtex/data/xcv300.bsd...
INFO:iMPACT:501 - '1': Added Device xcv300 successfully.
----------------------------------------------------------------------
----------------------------------------------------------------------
done.
Chain TCK freq = 2500000.
Validating chain...
Boundary-scan chain validated successfully.
PROGRESS_END - End Operation.
Elapsed time =      1 sec.
// *** BATCH CMD : identifyMPM 
// *** BATCH CMD : assignFile -p 2 -file"C:/GP/code/fpga/FPGA/SquareWave/SquareWave/SquareWave.mcs"
'2': Loading file 'C:/GP/code/fpga/FPGA/SquareWave/SquareWave/SquareWave.mcs'...
done.
// *** BATCH CMD : setAttribute -position 2 -attr packageName -value "(null)"
// *** BATCH CMD : assignFile -p 2 -file"C:/GP/code/fpga/FPGA/SquareWave/SquareWave/SquareWave.mcs"
'2': Loading file 'C:/GP/code/fpga/FPGA/SquareWave/SquareWave/SquareWave.mcs'...
done.
// *** BATCH CMD : setAttribute -position 2 -attr packageName -value "(null)"
// *** BATCH CMD : Program -p 2 -e -v -defaultVersion 0 
PROGRESS_START - Starting Operation.
Chain TCK freq = 2500000.
Validating chain...
Boundary-scan chain validated successfully.
'2': Erasing device...
'2': Erasure completed successfully.
'2': Programming device...
done.
'2': Putting device in ISP mode...done.
'2': Putting device in ISP mode...done.
'2': Verifying device...done.
'2': Verification completed successfully.
'2': Calculated checksum matches expected checksum, 00587c407
'2': Putting device in ISP mode...done.
'2': Putting device in ISP mode...done.
'2': Setting user-programmable bits...
done.
'2': Putting device in ISP mode...done.
'2': Programming completed successfully.
'2': Programming completed successfully.
PROGRESS_END - End Operation.
Elapsed time =     88 sec.
// *** BATCH CMD : saveProjectFile -file"C:/GP/code/fpga/FPGA/SquareWave/SquareWave/SquareWave.ipf"
